Build started 2/26/2013 6:52:06 AM.
     1>Project "C:\Users\Sh\CG-Package\CG startup\CG tasks\CG tasks\CG tasks.vcxproj" on node 2 (build target(s)).
     1>InitializeBuildStatus:
         Touching "Debug\CG tasks.unsuccessfulbuild".
       ClCompile:
         C:\Program Files (x86)\Microsoft Visual Studio 10.0\VC\bin\CL.exe /c /ZI /nologo /W3 /WX- /Od /Oy- /D WIN32 /D _DEBUG /D _CONSOLE /Gm /EHsc /RTC1 /MDd /GS /fp:precise /Zc:wchar_t /Zc:forScope /Fo"Debug\\" /Fd"Debug\vc100.pdb" /Gd /TP /analyze- /errorReport:prompt Algorithm.h driver.cpp
         driver.cpp
     1>c:\users\sh\cg-package\cg startup\cg tasks\cg tasks\algorithmfactory.h(19): error C2259: 'CH_ExtremePoints' : cannot instantiate abstract class
                 due to following members:
                 'void Algorithm::run(std::vector<_Ty>,std::vector<Line> &,std::vector<_Ty> &,std::vector<Line> &)' : is abstract
                 with
                 [
                     _Ty=Point
                 ]
                 c:\users\sh\cg-package\cg startup\cg tasks\cg tasks\algorithm.h(12) : see declaration of 'Algorithm::run'
     1>c:\users\sh\cg-package\cg startup\cg tasks\cg tasks\algorithmfactory.h(19): error C2248: 'CH_ExtremePoints::CH_ExtremePoints' : cannot access private member declared in class 'CH_ExtremePoints'
                 c:\users\sh\cg-package\cg startup\cg tasks\cg tasks\ch_extremepoints.h(6) : see declaration of 'CH_ExtremePoints::CH_ExtremePoints'
                 c:\users\sh\cg-package\cg startup\cg tasks\cg tasks\ch_extremepoints.h(4) : see declaration of 'CH_ExtremePoints'
     1>c:\users\sh\cg-package\cg startup\cg tasks\cg tasks\algorithmfactory.h(19): error C2243: 'type cast' : conversion from 'CH_ExtremePoints *' to 'Algorithm *' exists, but is inaccessible
     1>c:\users\sh\cg-package\cg startup\cg tasks\cg tasks\algorithmfactory.h(21): error C2259: 'CH_JarvisMarch' : cannot instantiate abstract class
                 due to following members:
                 'void Algorithm::run(std::vector<_Ty>,std::vector<Line> &,std::vector<_Ty> &,std::vector<Line> &)' : is abstract
                 with
                 [
                     _Ty=Point
                 ]
                 c:\users\sh\cg-package\cg startup\cg tasks\cg tasks\algorithm.h(12) : see declaration of 'Algorithm::run'
     1>c:\users\sh\cg-package\cg startup\cg tasks\cg tasks\algorithmfactory.h(21): error C2243: 'type cast' : conversion from 'CH_JarvisMarch *' to 'Algorithm *' exists, but is inaccessible
     1>c:\users\sh\cg-package\cg startup\cg tasks\cg tasks\driver.cpp(85): warning C4390: ';' : empty controlled statement found; is this the intent?
         Generating Code...
         Skipping... (no relevant changes detected)
         Algorithm.h
     1>Done Building Project "C:\Users\Sh\CG-Package\CG startup\CG tasks\CG tasks\CG tasks.vcxproj" (build target(s)) -- FAILED.

Build FAILED.

Time Elapsed 00:00:01.26
